2024-07-29 15:26:06,274 - INFO - Initializing ontology...
2024-07-29 15:26:06,278 - INFO - Ontology initialized successfully.
2024-07-29 15:26:40,827 - INFO - Successfully generated JSON data from link: gs://bausteinebsi/APP_1_1_Office_Produkte_Edition_2023.pdf
2024-07-29 15:27:18,952 - INFO - Successfully generated JSON data from link: gs://bausteinebsi/APP_1_2_Webbrowser_Edition_2023.pdf
2024-07-29 15:28:08,749 - INFO - Successfully generated JSON data from link: gs://bausteinebsi/APP_1_4_Mobile_Anwendungen_Edition_2023.pdf
2024-07-29 15:29:02,538 - INFO - Successfully generated JSON data from link: gs://bausteinebsi/APP_2_1_Allgemeiner_Verzeichnisdienst_Edition_2023.pdf
2024-07-29 15:30:02,309 - ERROR - Failed to generate JSON data from link: gs://bausteinebsi/APP_2_2_Active_Directory_Domain_Services_Edition_2023.pdf. Error: Expecting ',' delimiter: line 53 column 926 (char 4028)
2024-07-29 15:30:32,650 - ERROR - Failed to generate JSON data from link: gs://bausteinebsi/APP_2_3_OpenLDAP_Edition_2023.pdf. Error: Expecting ',' delimiter: line 25 column 364 (char 2305)
2024-07-29 15:31:10,226 - INFO - Successfully generated JSON data from link: gs://bausteinebsi/APP_3_1_Webanwendungen_und_Webservices_Edition_2023.pdf
2024-07-29 15:31:10,538 - ERROR - Failed to add origin to threat: 'hasOrigin' on Unzureichende Protokollierung
2024-07-29 15:31:10,539 - ERROR - Failed to add source to threat: 'hasSource' on Unzureichende Protokollierung
2024-07-29 15:31:10,539 - ERROR - Failed to add origin to threat: 'hasOrigin' on Informationsoffenlegung
2024-07-29 15:31:10,539 - ERROR - Failed to add source to threat: 'hasSource' on Informationsoffenlegung
2024-07-29 15:31:10,539 - ERROR - Failed to add origin to threat: 'hasOrigin' on Automatisierung
2024-07-29 15:31:10,540 - ERROR - Failed to add source to threat: 'hasSource' on Automatisierung
2024-07-29 15:31:10,540 - ERROR - Failed to add origin to threat: 'hasOrigin' on Authentisierungsfehler
2024-07-29 15:31:10,540 - ERROR - Failed to add source to threat: 'hasSource' on Authentisierungsfehler
2024-07-29 15:32:13,162 - INFO - Successfully generated JSON data from link: gs://bausteinebsi/APP_3_2_Webserver_Edition_2023.pdf
2024-07-29 15:32:58,367 - INFO - Successfully generated JSON data from link: gs://bausteinebsi/APP_3_3_Fileserver_Edition_2023.pdf
2024-07-29 15:33:41,524 - INFO - Successfully generated JSON data from link: gs://bausteinebsi/APP_3_4_Samba_Edition_2023.pdf
2024-07-29 15:34:40,368 - INFO - Successfully generated JSON data from link: gs://bausteinebsi/APP_3_6_DNS_Server_Edition_2023.pdf
2024-07-29 15:35:50,195 - INFO - Successfully generated JSON data from link: gs://bausteinebsi/APP_4_2_SAP_ERP_System_Edition_2023.pdf
2024-07-29 15:36:51,873 - INFO - Successfully generated JSON data from link: gs://bausteinebsi/APP_4_3_Relationale_Datenbanksysteme_Edition_2023.pdf
2024-07-29 15:37:43,177 - INFO - Successfully generated JSON data from link: gs://bausteinebsi/APP_4_4_Kubernetes_Edition_2023.pdf
2024-07-29 15:38:30,986 - INFO - Successfully generated JSON data from link: gs://bausteinebsi/APP_4_6_SAP_ABAP_Programmierung_Edition_2023.pdf
2024-07-29 15:39:40,208 - INFO - Successfully generated JSON data from link: gs://bausteinebsi/APP_5_2_Microsoft_Exchange_und_Outlook_Edition_2023.pdf
2024-07-29 15:40:41,071 - INFO - Successfully generated JSON data from link: gs://bausteinebsi/APP_5_3_Allgemeiner_E-Mail_Client_und_Server_Edition_2023.pdf
2024-07-29 15:42:11,202 - INFO - Successfully generated JSON data from link: gs://bausteinebsi/APP_5_4_Unified_Communications_und_Collaboration_Edition_2023.pdf
2024-07-29 15:43:02,252 - INFO - Successfully generated JSON data from link: gs://bausteinebsi/APP_6_Allgemeine_Software_Edition_2023.pdf
2024-07-29 15:43:02,718 - ERROR - Appending Gefahren failed due to index 0 is out of bounds for axis 0 with size 0
2024-07-29 15:43:46,715 - INFO - Successfully generated JSON data from link: gs://bausteinebsi/APP_7_Entwicklung_von_Individualsoftware_Edition_2023.pdf
2024-07-29 15:44:38,167 - INFO - Successfully generated JSON data from link: gs://bausteinebsi/CON_10_Entwicklung_von_Webanwendungen_Edition_2023.pdf
2024-07-29 15:45:44,197 - INFO - Successfully generated JSON data from link: gs://bausteinebsi/CON_11_1_Geheimschutz_Edition_2023.pdf
2024-07-29 15:46:46,700 - INFO - Successfully generated JSON data from link: gs://bausteinebsi/CON_1_Kryptokonzept_Edition_2023.pdf
2024-07-29 15:46:47,166 - ERROR - Appending Gefahren failed due to index 0 is out of bounds for axis 0 with size 0
2024-07-29 15:46:47,168 - ERROR - Appending Gefahren failed due to index 0 is out of bounds for axis 0 with size 0
2024-07-29 15:47:06,324 - INFO - Successfully generated JSON data from link: gs://bausteinebsi/CON_2_Datenschutz_Edition_2023.pdf
2024-07-29 15:48:10,676 - INFO - Successfully generated JSON data from link: gs://bausteinebsi/CON_3_Datensicherungskonzept_Edition_2023.pdf
2024-07-29 15:48:51,890 - INFO - Successfully generated JSON data from link: gs://bausteinebsi/CON_6_Loeschen_und_Vernichten_Edition_2023.pdf
2024-07-29 15:48:52,195 - ERROR - Appending Gefahren failed due to index 0 is out of bounds for axis 0 with size 0
2024-07-29 15:50:15,164 - INFO - Successfully generated JSON data from link: gs://bausteinebsi/CON_7_Informationssicherheit_auf_Auslandsreisen_Edition_2023.pdf
2024-07-29 15:51:23,319 - INFO - Successfully generated JSON data from link: gs://bausteinebsi/CON_8_Software_Entwicklung_Edition_2023.pdf
2024-07-29 15:52:43,546 - ERROR - Failed to generate JSON data from link: gs://bausteinebsi/CON_9_Informationsaustausch_Edition_2023.pdf. Error: Unterminated string starting at: line 759 column 9 (char 16529)
2024-07-29 15:53:41,129 - INFO - Successfully generated JSON data from link: gs://bausteinebsi/DER_1_Detektion_von_sicherheitsrelevanten_Ereignissen_Edition_2023.pdf
2024-07-29 15:54:43,287 - INFO - Successfully generated JSON data from link: gs://bausteinebsi/DER_2_1_Behandlung_von_Sicherheitsvorfaellen_Edition_2023.pdf
2024-07-29 15:55:19,466 - INFO - Successfully generated JSON data from link: gs://bausteinebsi/DER_2_2_Vorsorge_fuer_die_IT_Forensik_2023.pdf
2024-07-29 15:55:50,500 - INFO - Successfully generated JSON data from link: gs://bausteinebsi/DER_2_3_Bereinigung_weitreichender_Sicherheitsvorfaelle_Edition_2023.pdf
2024-07-29 15:55:50,816 - ERROR - Failed to add origin to threat: 'hasOrigin' on APT-Angreifer nutzen Hintertüren in Hardwarekomponenten
2024-07-29 15:55:50,816 - ERROR - Failed to add source to threat: 'hasSource' on APT-Angreifer nutzen Hintertüren in Hardwarekomponenten
2024-07-29 15:57:38,049 - ERROR - Failed to generate JSON data from link: gs://bausteinebsi/DER_3_1_Audits_und_Revisionen_Edition_2023.pdf. Error: Unterminated string starting at: line 746 column 9 (char 16694)
2024-07-29 15:58:32,561 - INFO - Successfully generated JSON data from link: gs://bausteinebsi/DER_3_2_Revisionen_auf_Basis_des_Leitfadens_IS_Revision_Edition_2023.pdf
2024-07-29 15:59:25,924 - INFO - Successfully generated JSON data from link: gs://bausteinebsi/DER_4_Notfallmanagement_Edition_2023.pdf
2024-07-29 16:01:10,594 - ERROR - Failed to generate JSON data from link: gs://bausteinebsi/IND_1_Prozessleit_und_Automatisierungstechnik_Edition_2023.pdf. Error: Unterminated string starting at: line 691 column 15 (char 27763)
2024-07-29 16:01:50,230 - INFO - Successfully generated JSON data from link: gs://bausteinebsi/IND_2_1_Allgemeine_ICS_Komponente_Edition_2023.pdf
2024-07-29 16:01:50,551 - ERROR - Failed to add origin to threat: 'hasOrigin' on Angriff durch Ausnutzung der unsicheren Systemkonfiguration
2024-07-29 16:01:50,551 - ERROR - Failed to add source to threat: 'hasSource' on Angriff durch Ausnutzung der unsicheren Systemkonfiguration
2024-07-29 16:02:05,419 - INFO - Successfully generated JSON data from link: gs://bausteinebsi/IND_2_2_Speicherprogrammierbare_Steuerung_Edition_2023.pdf
2024-07-29 16:02:22,924 - INFO - Successfully generated JSON data from link: gs://bausteinebsi/IND_2_3_Sensoren_und_Aktoren_Edition_2023.pdf
2024-07-29 16:02:39,576 - INFO - Successfully generated JSON data from link: gs://bausteinebsi/IND_2_4_Maschine_Edition_2023.pdf
2024-07-29 16:03:11,158 - INFO - Successfully generated JSON data from link: gs://bausteinebsi/IND_2_7_Safety_Instrumented_Systems_Edition_2023.pdf
2024-07-29 16:04:17,230 - INFO - Successfully generated JSON data from link: gs://bausteinebsi/IND_3_2_Fernwartung_im_industriellen_Umfeld_Edition_2023.pdf
2024-07-29 16:04:51,842 - ERROR - Failed to generate JSON data from link: gs://bausteinebsi/INF_10_Besprechungs_Veranstaltungs_und_Schulungsraeume_Edition_2023.pdf. Error: Expecting ',' delimiter: line 60 column 595 (char 4711)
2024-07-29 16:05:59,569 - INFO - Successfully generated JSON data from link: gs://bausteinebsi/INF_11_Allgemeines_Fahrzeug_2023.pdf
2024-07-29 16:07:02,239 - INFO - Successfully generated JSON data from link: gs://bausteinebsi/INF_12_Verkabelung_2023.pdf
2024-07-29 16:08:20,583 - INFO - Successfully generated JSON data from link: gs://bausteinebsi/INF_13_Technisches_Gebaeudemanagement_Edition_2023.pdf
2024-07-29 16:09:34,114 - INFO - Successfully generated JSON data from link: gs://bausteinebsi/INF_14_Gebaeudeautomation_Edition_2023.pdf
2024-07-29 16:09:34,447 - ERROR - Failed to add source to threat: 'hasSource' on Ausfall des zentralen Steuersystems
2024-07-29 16:09:34,447 - ERROR - Failed to add source to threat: 'hasSource' on Falsche Interpretation von Meldungen
2024-07-29 16:09:34,448 - ERROR - Failed to add source to threat: 'hasSource' on Ausnutzung von Schwachstellen in veralteten Komponenten
2024-07-29 16:09:34,448 - ERROR - Failed to add source to threat: 'hasSource' on Fehlerhafte Konfiguration der Klimatisierung
2024-07-29 16:09:34,449 - ERROR - Failed to add source to threat: 'hasSource' on Fehlerhafte Konfiguration der Zugangssysteme
2024-07-29 16:09:34,449 - ERROR - Failed to add source to threat: 'hasSource' on Manipulation der Brandmeldeanlage
2024-07-29 16:09:34,449 - ERROR - Failed to add source to threat: 'hasSource' on DoS-Angriff auf die GA
2024-07-29 16:09:34,450 - ERROR - Failed to add source to threat: 'hasSource' on Manipulation der GA-Systeme
2024-07-29 16:09:34,450 - ERROR - Failed to add source to threat: 'hasSource' on Unbefugter Zugriff über Bedienelemente
2024-07-29 16:09:34,450 - ERROR - Failed to add source to threat: 'hasSource' on Unbefugter Zugriff über Mobilfunk-Anschlüsse
2024-07-29 16:09:34,451 - ERROR - Failed to add source to threat: 'hasSource' on Manipulation der Brandmeldeanlage
2024-07-29 16:10:50,452 - INFO - Successfully generated JSON data from link: gs://bausteinebsi/INF_1_Allgemeines_Gebaeude_Edition_2023.pdf
2024-07-29 16:12:05,605 - INFO - Successfully generated JSON data from link: gs://bausteinebsi/INF_2_Rechenzentrum_sowie_Serverraum_Edition_2023.pdf
2024-07-29 16:13:19,159 - INFO - Successfully generated JSON data from link: gs://bausteinebsi/INF_5_Raum_sowie_Schrank_fuer_technische_Infrastruktur_Edition_2023.pdf
2024-07-29 16:13:49,915 - INFO - Successfully generated JSON data from link: gs://bausteinebsi/INF_6_Datentraegerarchiv_Edition_2023.pdf
2024-07-29 16:14:23,803 - INFO - Successfully generated JSON data from link: gs://bausteinebsi/INF_7_Bueroarbeitsplatz_Edition_2023.pdf
2024-07-29 16:15:06,010 - INFO - Successfully generated JSON data from link: gs://bausteinebsi/INF_8_Haeuslicher_Arbeitsplatz_Edition_2023.pdf
2024-07-29 16:16:06,627 - INFO - Successfully generated JSON data from link: gs://bausteinebsi/INF_9_IT_Mobiler_Arbeitsplatz_Edition_2023.pdf
2024-07-29 16:17:07,105 - INFO - Successfully generated JSON data from link: gs://bausteinebsi/ISMS_1_Sicherheitsmanagement_Edition_2023.pdf
2024-07-29 16:18:25,439 - INFO - Successfully generated JSON data from link: gs://bausteinebsi/NET_1_1_Netzarchitektur_und_design_Edition_2023.pdf
2024-07-29 16:19:37,452 - INFO - Successfully generated JSON data from link: gs://bausteinebsi/NET_1_2_Netzmanagement_Edition_2023.pdf
2024-07-29 16:21:02,343 - INFO - Successfully generated JSON data from link: gs://bausteinebsi/NET_2_1_WLAN_Betrieb_Edition_2023.pdf
2024-07-29 16:21:36,241 - INFO - Successfully generated JSON data from link: gs://bausteinebsi/NET_2_2_WLAN_Nutzung_Edition_2023.pdf
2024-07-29 16:22:33,555 - INFO - Successfully generated JSON data from link: gs://bausteinebsi/NET_3_1_Router_und_Switches_Edition_2023.pdf
2024-07-29 16:22:33,875 - ERROR - Failed to add origin to threat: 'hasOrigin' on DDoS-Angriff
2024-07-29 16:22:33,875 - ERROR - Failed to add source to threat: 'hasSource' on DDoS-Angriff
2024-07-29 16:23:32,349 - INFO - Successfully generated JSON data from link: gs://bausteinebsi/NET_3_2_Firewall_Edition_2023.pdf
2024-07-29 16:24:08,195 - INFO - Successfully generated JSON data from link: gs://bausteinebsi/NET_3_3_VPN_Edition_2023.pdf
2024-07-29 16:24:08,497 - ERROR - Failed to add origin to threat: 'hasOrigin' on Unzureichende Schulung der Benutzer
2024-07-29 16:24:08,497 - ERROR - Failed to add source to threat: 'hasSource' on Unzureichende Schulung der Benutzer
2024-07-29 16:24:08,497 - ERROR - Failed to add origin to threat: 'hasOrigin' on Unzureichende Kontrolle der Zugriffe
2024-07-29 16:24:08,497 - ERROR - Failed to add source to threat: 'hasSource' on Unzureichende Kontrolle der Zugriffe
2024-07-29 16:24:08,498 - ERROR - Failed to add origin to threat: 'hasOrigin' on Unsicherer VPN-Zugang
2024-07-29 16:24:08,498 - ERROR - Failed to add source to threat: 'hasSource' on Unsicherer VPN-Zugang
2024-07-29 16:24:08,498 - ERROR - Failed to add origin to threat: 'hasOrigin' on Falsche Konfiguration des VPN-Clients
2024-07-29 16:24:08,498 - ERROR - Failed to add source to threat: 'hasSource' on Falsche Konfiguration des VPN-Clients
2024-07-29 16:24:08,499 - ERROR - Failed to add origin to threat: 'hasOrigin' on Veränderung der Konfiguration des VPN-Clients
2024-07-29 16:24:08,499 - ERROR - Failed to add source to threat: 'hasSource' on Veränderung der Konfiguration des VPN-Clients
2024-07-29 16:24:08,499 - ERROR - Failed to add origin to threat: 'hasOrigin' on Unsichere Software auf dem VPN-Client
2024-07-29 16:24:08,499 - ERROR - Failed to add source to threat: 'hasSource' on Unsichere Software auf dem VPN-Client
2024-07-29 16:24:08,499 - ERROR - Failed to add origin to threat: 'hasOrigin' on Unzureichende Sicherheitsmechanismen
2024-07-29 16:24:08,500 - ERROR - Failed to add source to threat: 'hasSource' on Unzureichende Sicherheitsmechanismen
2024-07-29 16:24:08,500 - ERROR - Failed to add origin to threat: 'hasOrigin' on Mangelhafte Anpassung an die Sicherheitsbedürfnisse
2024-07-29 16:24:08,500 - ERROR - Failed to add source to threat: 'hasSource' on Mangelhafte Anpassung an die Sicherheitsbedürfnisse
2024-07-29 16:24:08,500 - ERROR - Failed to add origin to threat: 'hasOrigin' on Unveränderte Standard-Passwörter
2024-07-29 16:24:08,500 - ERROR - Failed to add source to threat: 'hasSource' on Unveränderte Standard-Passwörter
2024-07-29 16:25:19,266 - INFO - Successfully generated JSON data from link: gs://bausteinebsi/NET_3_4_Network_Access_Control_Edition_2023.pdf
2024-07-29 16:26:05,993 - ERROR - Failed to generate JSON data from link: gs://bausteinebsi/NET_4_1_TK_Anlagen_Edition_2023.pdf. Error: Expecting ',' delimiter: line 111 column 764 (char 5621)
2024-07-29 16:26:46,141 - INFO - Successfully generated JSON data from link: gs://bausteinebsi/NET_4_2_VoIP_Edition_2023.pdf
2024-07-29 16:28:15,706 - ERROR - Failed to generate JSON data from link: gs://bausteinebsi/NET_4_3_Faxgeraete_und_Faxserver_Edition_2023.pdf. Error: Unterminated string starting at: line 6 column 11 (char 112)
2024-07-29 16:29:48,662 - INFO - Successfully generated JSON data from link: gs://bausteinebsi/OPS_1_1_1_Allgemeiner_IT_Betrieb_Edition_2023.pdf
2024-07-29 16:31:08,954 - INFO - Successfully generated JSON data from link: gs://bausteinebsi/OPS_1_1_2_Ordnungsgemaesse_IT_Administration_Edition_2023.pdf
2024-07-29 16:32:04,546 - INFO - Successfully generated JSON data from link: gs://bausteinebsi/OPS_1_1_3_Patch_und_Aenderungsmanagement_Edition_2023.pdf
2024-07-29 16:32:47,625 - INFO - Successfully generated JSON data from link: gs://bausteinebsi/OPS_1_1_4_Schutz_vor_Schadprogrammen_Edition_2023.pdf
2024-07-29 16:33:40,948 - INFO - Successfully generated JSON data from link: gs://bausteinebsi/OPS_1_1_5_Protokollierung_Edition_2023.pdf
2024-07-29 16:34:30,211 - INFO - Successfully generated JSON data from link: gs://bausteinebsi/OPS_1_1_6_Software_Tests_und_Freigaben_Edition_2023.pdf
2024-07-29 16:34:30,539 - ERROR - Appending Gefahren failed due to index 0 is out of bounds for axis 0 with size 0
2024-07-29 16:35:39,473 - INFO - Successfully generated JSON data from link: gs://bausteinebsi/OPS_1_1_7_Systemmanagement_Edition_2023.pdf
2024-07-29 16:36:39,213 - INFO - Successfully generated JSON data from link: gs://bausteinebsi/OPS_1_2_2_Archivierung_Edition_2023.pdf
2024-07-29 16:37:09,863 - INFO - Successfully generated JSON data from link: gs://bausteinebsi/OPS_1_2_4_Telearbeit_Edition_2023.pdf
2024-07-29 16:37:58,744 - INFO - Successfully generated JSON data from link: gs://bausteinebsi/OPS_1_2_5_Fernwartung_Edition_2023.pdf
2024-07-29 16:38:37,835 - INFO - Successfully generated JSON data from link: gs://bausteinebsi/OPS_1_2_6_NTP_Zeitsynchronisation_Edition_2023.pdf
2024-07-29 16:39:54,955 - INFO - Successfully generated JSON data from link: gs://bausteinebsi/OPS_2_2_Cloud-Nutzung_Edition_2023.pdf
2024-07-29 16:39:55,274 - ERROR - Failed to add origin to threat: 'hasOrigin' on Fehlende oder unzureichende Strategie für die Cloud-Nutzung
2024-07-29 16:39:55,274 - ERROR - Failed to add source to threat: 'hasSource' on Fehlende oder unzureichende Strategie für die Cloud-Nutzung
2024-07-29 16:39:55,275 - ERROR - Failed to add origin to threat: 'hasOrigin' on Abhängigkeit von Cloud-Diensteanbietenden (Kontrollverlust)
2024-07-29 16:39:55,275 - ERROR - Failed to add source to threat: 'hasSource' on Abhängigkeit von Cloud-Diensteanbietenden (Kontrollverlust)
2024-07-29 16:39:55,275 - ERROR - Failed to add origin to threat: 'hasOrigin' on Mangelhaftes Anforderungsmanagement bei der Cloud-Nutzung
2024-07-29 16:39:55,275 - ERROR - Failed to add source to threat: 'hasSource' on Mangelhaftes Anforderungsmanagement bei der Cloud-Nutzung
2024-07-29 16:39:55,275 - ERROR - Failed to add origin to threat: 'hasOrigin' on Verstoß gegen rechtliche Vorgaben
2024-07-29 16:39:55,275 - ERROR - Failed to add source to threat: 'hasSource' on Verstoß gegen rechtliche Vorgaben
2024-07-29 16:39:55,276 - ERROR - Failed to add origin to threat: 'hasOrigin' on Fehlende Mandantenfähigkeit bei Cloud-Diensteanbietenden
2024-07-29 16:39:55,276 - ERROR - Failed to add source to threat: 'hasSource' on Fehlende Mandantenfähigkeit bei Cloud-Diensteanbietenden
2024-07-29 16:39:55,276 - ERROR - Failed to add origin to threat: 'hasOrigin' on Unzulängliche vertragliche Regelungen mit Cloud-Diensteanbietenden
2024-07-29 16:39:55,276 - ERROR - Failed to add source to threat: 'hasSource' on Unzulängliche vertragliche Regelungen mit Cloud-Diensteanbietenden
2024-07-29 16:39:55,277 - ERROR - Failed to add origin to threat: 'hasOrigin' on Mangelnde Planung der Migration zu Cloud-Diensten
2024-07-29 16:39:55,277 - ERROR - Failed to add source to threat: 'hasSource' on Mangelnde Planung der Migration zu Cloud-Diensten
2024-07-29 16:39:55,277 - ERROR - Failed to add origin to threat: 'hasOrigin' on Unzureichende Einbindung von Cloud-Diensten in die eigene IT
2024-07-29 16:39:55,277 - ERROR - Failed to add source to threat: 'hasSource' on Unzureichende Einbindung von Cloud-Diensten in die eigene IT
2024-07-29 16:39:55,278 - ERROR - Failed to add origin to threat: 'hasOrigin' on Unzureichende Regelungen für das Ende eines Cloud-Nutzungs-Vorhabens
2024-07-29 16:39:55,278 - ERROR - Failed to add source to threat: 'hasSource' on Unzureichende Regelungen für das Ende eines Cloud-Nutzungs-Vorhabens
2024-07-29 16:39:55,278 - ERROR - Failed to add origin to threat: 'hasOrigin' on Unzureichendes Administrationsmodell für die Cloud-Nutzung
2024-07-29 16:39:55,278 - ERROR - Failed to add source to threat: 'hasSource' on Unzureichendes Administrationsmodell für die Cloud-Nutzung
2024-07-29 16:39:55,278 - ERROR - Failed to add origin to threat: 'hasOrigin' on Unzureichendes Notfallvorsorgekonzept
2024-07-29 16:39:55,279 - ERROR - Failed to add source to threat: 'hasSource' on Unzureichendes Notfallvorsorgekonzept
2024-07-29 16:39:55,279 - ERROR - Failed to add origin to threat: 'hasOrigin' on Ausfall der IT-Systeme der Cloud-Diensteanbietenden
2024-07-29 16:39:55,279 - ERROR - Failed to add source to threat: 'hasSource' on Ausfall der IT-Systeme der Cloud-Diensteanbietenden
2024-07-29 16:41:30,799 - INFO - Successfully generated JSON data from link: gs://bausteinebsi/OPS_2_3_Nutzung_von_Outsourcing_Edition_2023.pdf
2024-07-29 16:42:47,845 - INFO - Successfully generated JSON data from link: gs://bausteinebsi/OPS_3_2_Anbieten_von_Outsourcing_Edition_2023.pdf
2024-07-29 16:43:23,269 - INFO - Successfully generated JSON data from link: gs://bausteinebsi/ORP_1_Organisation_Edition_2023.pdf
2024-07-29 16:43:49,733 - INFO - Successfully generated JSON data from link: gs://bausteinebsi/ORP_2_Personal_Editon_2023.pdf
2024-07-29 16:44:24,598 - INFO - Successfully generated JSON data from link: gs://bausteinebsi/ORP_3_Sensibilisierung_und_Schulung_Editon_2023.pdf
2024-07-29 16:45:25,186 - INFO - Successfully generated JSON data from link: gs://bausteinebsi/ORP_4_Identitaets_und_Berechtigungsmanagement_Editon_2023.pdf
2024-07-29 16:45:51,742 - ERROR - Failed to generate JSON data from link: gs://bausteinebsi/ORP_5_Compliance_Management_Editon_2023.pdf. Error: Expecting ',' delimiter: line 36 column 568 (char 3470)
2024-07-29 16:47:05,789 - INFO - Successfully generated JSON data from link: gs://bausteinebsi/SYS_1_1_Allgemeiner_Server_Edition_2023.pdf
2024-07-29 16:47:36,907 - INFO - Successfully generated JSON data from link: gs://bausteinebsi/SYS_1_3_Server_unter_Linux_und_Unix_Edition_2023.pdf
2024-07-29 16:47:37,237 - ERROR - Failed to add origin to threat: 'hasOrigin' on Ausspähen von Informationen über das System und über Benutzende
2024-07-29 16:47:37,237 - ERROR - Failed to add source to threat: 'hasSource' on Ausspähen von Informationen über das System und über Benutzende
2024-07-29 16:48:37,460 - INFO - Successfully generated JSON data from link: gs://bausteinebsi/SYS_1_5_Virtualisierung_Edition_2023.pdf
2024-07-29 16:49:45,387 - ERROR - Failed to generate JSON data from link: gs://bausteinebsi/SYS_1_6_Containerisierung_Edition_2023.pdf. Error: Expecting ',' delimiter: line 6 column 405 (char 500)
2024-07-29 16:51:07,011 - INFO - Successfully generated JSON data from link: gs://bausteinebsi/SYS_1_7_IBM_Z_Edition_2023.pdf
2024-07-29 16:51:07,540 - ERROR - Failed to add origin to threat: 'hasOrigin' on Fehlerhafte Konfiguration des Betriebssystems
2024-07-29 16:51:07,540 - ERROR - Failed to add source to threat: 'hasSource' on Fehlerhafte Konfiguration des Betriebssystems
2024-07-29 16:51:07,541 - ERROR - Failed to add origin to threat: 'hasOrigin' on Fehlerhafte Konfiguration des Sicherheitssystems
2024-07-29 16:51:07,541 - ERROR - Failed to add source to threat: 'hasSource' on Fehlerhafte Konfiguration des Sicherheitssystems
2024-07-29 16:52:05,466 - INFO - Successfully generated JSON data from link: gs://bausteinebsi/SYS_1_8_Speicherloesungen_Edition_2023.pdf
2024-07-29 16:53:22,510 - INFO - Successfully generated JSON data from link: gs://bausteinebsi/SYS_1_9_Terminalserver_Edition_2023.pdf
2024-07-29 16:54:51,420 - INFO - Successfully generated JSON data from link: gs://bausteinebsi/SYS_2_1_Allgemeiner_Client_Edition_2023.pdf
2024-07-29 16:55:42,390 - INFO - Successfully generated JSON data from link: gs://bausteinebsi/SYS_2_2_3_Clients_unter_Windows_Edition_2023.pdf
2024-07-29 16:56:20,727 - ERROR - Failed to generate JSON data from link: gs://bausteinebsi/SYS_2_3_Clients_unter_Linux_und_Unix_Edition_2023.pdf. Error: Expecting ',' delimiter: line 183 column 377 (char 8935)
2024-07-29 16:56:58,360 - INFO - Successfully generated JSON data from link: gs://bausteinebsi/SYS_2_4_Clients_unter_macOS_Edition_2023.pdf
2024-07-29 16:57:51,869 - INFO - Successfully generated JSON data from link: gs://bausteinebsi/SYS_2_5_Client_Virtualisierung_Edition_2023.pdf
2024-07-29 16:58:37,020 - INFO - Successfully generated JSON data from link: gs://bausteinebsi/SYS_2_6_Virtual_Desktop_Infrastructure_Edition_2023.pdf
2024-07-29 16:58:37,525 - ERROR - Failed to add origin to threat: 'hasOrigin' on Überlastung der Ressourcen
2024-07-29 16:58:37,526 - ERROR - Failed to add source to threat: 'hasSource' on Überlastung der Ressourcen
2024-07-29 16:58:37,526 - ERROR - Failed to add origin to threat: 'hasOrigin' on Verlust von Daten
2024-07-29 16:58:37,526 - ERROR - Failed to add source to threat: 'hasSource' on Verlust von Daten
2024-07-29 16:58:37,527 - ERROR - Failed to add origin to threat: 'hasOrigin' on Ausfall der VDI-Managementkomponente
2024-07-29 16:58:37,527 - ERROR - Failed to add source to threat: 'hasSource' on Ausfall der VDI-Managementkomponente
2024-07-29 16:58:37,527 - ERROR - Failed to add origin to threat: 'hasOrigin' on Ausfall der Zugangs- oder Steuerungskomponenten
2024-07-29 16:58:37,527 - ERROR - Failed to add source to threat: 'hasSource' on Ausfall der Zugangs- oder Steuerungskomponenten
2024-07-29 16:58:37,528 - ERROR - Failed to add origin to threat: 'hasOrigin' on Ausnutzung von Schwachstellen
2024-07-29 16:58:37,528 - ERROR - Failed to add source to threat: 'hasSource' on Ausnutzung von Schwachstellen
2024-07-29 16:59:13,782 - INFO - Successfully generated JSON data from link: gs://bausteinebsi/SYS_3_1_Laptops_Edition_2023.pdf
2024-07-29 17:00:26,981 - INFO - Successfully generated JSON data from link: gs://bausteinebsi/SYS_3_2_1_Allgemeine_Smartphones_und_Tablets_Edition_2023.pdf
2024-07-29 17:01:08,733 - INFO - Successfully generated JSON data from link: gs://bausteinebsi/SYS_3_2_2_Mobile_Device_Management_Edition_2023.pdf
2024-07-29 17:01:43,890 - INFO - Successfully generated JSON data from link: gs://bausteinebsi/SYS_3_2_3_iOS_for_Enterprise_2023.pdf
2024-07-29 17:02:10,402 - INFO - Successfully generated JSON data from link: gs://bausteinebsi/SYS_3_2_4_Android_Edition_2023.pdf
2024-07-29 17:03:08,138 - ERROR - Failed to generate JSON data from link: gs://bausteinebsi/SYS_3_3_Mobiltelefon_Edition_2023.pdf. Error: Expecting ',' delimiter: line 6 column 107 (char 197)
2024-07-29 17:04:21,103 - ERROR - Failed to generate JSON data from link: gs://bausteinebsi/SYS_4_1_Drucker_Kopierer_und_Multifunktionsgeraete_Edition_2023.pdf. Error: Expecting ',' delimiter: line 105 column 291 (char 6838)
2024-07-29 17:05:10,820 - INFO - Successfully generated JSON data from link: gs://bausteinebsi/SYS_4_3_Eingebettete_Systeme_Edition_2023.pdf
2024-07-29 17:05:58,650 - INFO - Successfully generated JSON data from link: gs://bausteinebsi/SYS_4_4_Allgemeines_IoT_Geraet_Edition_2023.pdf
2024-07-29 17:06:42,099 - INFO - Successfully generated JSON data from link: gs://bausteinebsi/SYS_4_5_Wechseldatentraeger_Edition_2023.pdf
2024-07-29 17:06:42,425 - INFO - Failed to create bausteine for links: 0
